0 info it worked if it ends with ok
1 verbose cli [ 'node',
1 verbose cli   'C:\\Users\\Christian\\AppData\\Roaming\\npm\\node_modules\\npm\\bin\\npm-cli.js',
1 verbose cli   'update',
1 verbose cli   '-g',
1 verbose cli   'bower' ]
2 info using npm@2.1.14
3 info using node@v0.10.29
4 verbose type called_on_non_object
5 verbose stack TypeError: Object.keys called on non-object
5 verbose stack     at Function.keys (native)
5 verbose stack     at unmarkExtraneous (C:\Users\Christian\AppData\Roaming\npm\node_modules\npm\node_modules\read-installed\read-installed.js:362:10)
5 verbose stack     at C:\Users\Christian\AppData\Roaming\npm\node_modules\npm\node_modules\read-installed\read-installed.js:137:5
5 verbose stack     at next (C:\Users\Christian\AppData\Roaming\npm\node_modules\npm\node_modules\read-installed\read-installed.js:185:14)
5 verbose stack     at C:\Users\Christian\AppData\Roaming\npm\node_modules\npm\node_modules\read-installed\read-installed.js:169:14
5 verbose stack     at Object.oncomplete (evalmachine.<anonymous>:107:15)
6 verbose cwd C:\Users\Christian\Sites\Ansichtssache
7 error Windows_NT 6.2.9200
8 error argv "node" "C:\\Users\\Christian\\AppData\\Roaming\\npm\\node_modules\\npm\\bin\\npm-cli.js" "update" "-g" "bower"
9 error node v0.10.29
10 error npm  v2.1.14
11 error Object.keys called on non-object
12 error If you need help, you may report this error at:
12 error     <http://github.com/npm/npm/issues>
13 verbose exit [ 1, true ]
